

Microchip Technology PIC18 LITE Macro Assembler V1.37 build -260352376 
                                                                                               Fri Jul  8 13:24:38 2016

Microchip Technology Omniscient Code Generator v1.37 (Free mode) build 201603110536
     1                           	processor	18F46K22
     2                           	fnconf	rparam,??,?,0
     3                           	opt	pw 120
     4                           	opt	lm
     5                           	psect	nvCOMRAM,global,class=COMRAM,space=1,delta=1
     6                           	psect	cinit,global,reloc=2,class=CODE,delta=1
     7                           	psect	cstackCOMRAM,global,class=COMRAM,space=1,delta=1
     8                           	psect	text0,global,reloc=2,class=CODE,delta=1
     9                           	psect	text1,global,reloc=2,class=CODE,delta=1
    10                           	psect	text2,global,reloc=2,class=CODE,delta=1
    11                           	psect	text3,global,reloc=2,class=CODE,delta=1
    12                           	psect	text4,global,reloc=2,class=CODE,delta=1
    13                           	psect	text5,global,reloc=2,class=CODE,delta=1
    14                           	psect	text6,global,reloc=2,class=CODE,delta=1
    15                           	psect	intcode,global,reloc=2,class=CODE,delta=1
    16                           	psect	text8,global,reloc=2,class=CODE,delta=1
    17                           	psect	intsave_regs,global,class=BIGRAM,space=1,delta=1
    18                           	psect	rparam,global,class=COMRAM,space=1,delta=1
    19                           	psect	temp,global,ovrld,common,class=COMRAM,space=1,delta=1
    20  0000                     
    21                           	psect	nvCOMRAM
    22  000011                     __pnvCOMRAM:
    23                           	opt stack 0
    24  000011                     _timer0ReloadVal16bit:
    25                           	opt stack 0
    26  000011                     	ds	2
    27  0000                     _ANSELA	set	3896
    28  0000                     _ANSELB	set	3897
    29  0000                     _ANSELC	set	3898
    30  0000                     _ANSELD	set	3899
    31  0000                     _ANSELE	set	3900
    32  0000                     _INTCON2bits	set	4081
    33  0000                     _INTCONbits	set	4082
    34  0000                     _LATA	set	3977
    35  0000                     _LATB	set	3978
    36  0000                     _LATC	set	3979
    37  0000                     _LATD	set	3980
    38  0000                     _LATE	set	3981
    39  0000                     _OSCCON	set	4051
    40  0000                     _OSCCON2	set	4050
    41  0000                     _OSCTUNE	set	3995
    42  0000                     _T0CON	set	4053
    43  0000                     _T0CONbits	set	4053
    44  0000                     _TMR0H	set	4055
    45  0000                     _TMR0L	set	4054
    46  0000                     _TRISA	set	3986
    47  0000                     _TRISB	set	3987
    48  0000                     _TRISC	set	3988
    49  0000                     _TRISD	set	3989
    50  0000                     _TRISE	set	3990
    51  0000                     _WPUB	set	3937
    52  0000                     _IPEN	set	32391
    53  0000                     _LATA0	set	31816
    54  0000                     _LATC6	set	31838
    55                           
    56                           ; #config settings
    57  0000                     
    58                           	psect	cinit
    59  000144                     __pcinit:
    60                           	opt stack 0
    61  000144                     start_initialization:
    62                           	opt stack 0
    63  000144                     __initialization:
    64                           	opt stack 0
    65  000144                     end_of_initialization:
    66                           	opt stack 0
    67  000144                     __end_of__initialization:
    68                           	opt stack 0
    69  000144  9013               	bcf	int$flags,0,c	;clear compiler interrupt flag (level 1)
    70  000146  9213               	bcf	int$flags,1,c	;clear compiler interrupt flag (level 2)
    71  000148  0100               	movlb	0
    72  00014A  EF83  F000         	goto	_main	;jump to C main() function
    73                           
    74                           	psect	cstackCOMRAM
    75  000001                     __pcstackCOMRAM:
    76                           	opt stack 0
    77  000001                     ??_INTERRUPT_InterruptManager:
    78  000001                     
    79                           ; 1 bytes @ 0x0
    80  000001                     	ds	14
    81  00000F                     ??_TMR0_Initialize:
    82  00000F                     
    83                           ; 1 bytes @ 0xE
    84  00000F                     	ds	2
    85  000011                     
    86                           ; 1 bytes @ 0x10
    87 ;;
    88 ;;Main: autosize = 0, tempsize = 0, incstack = 0, save=0
    89 ;;
    90 ;; *************** function _main *****************
    91 ;; Defined at:
    92 ;;		line 51 in file "main.c"
    93 ;; Parameters:    Size  Location     Type
    94 ;;		None
    95 ;; Auto vars:     Size  Location     Type
    96 ;;		None
    97 ;; Return value:  Size  Location     Type
    98 ;;                  1    wreg      void 
    99 ;; Registers used:
   100 ;;		wreg, status,2, status,0, cstack
   101 ;; Tracked objects:
   102 ;;		On entry : 0/0
   103 ;;		On exit  : 0/0
   104 ;;		Unchanged: 0/0
   105 ;; Data sizes:     COMRAM   BANK0   BANK1   BANK2   BANK3   BANK4   BANK5   BANK6   BANK7   BANK8   BANK9  BANK10  BANK1
      +1  BANK12  BANK13  BANK14  BANK15
   106 ;;      Params:         0       0       0       0       0       0       0       0       0       0       0       0       
      +0       0       0       0       0
   107 ;;      Locals:         0       0       0       0       0       0       0       0       0       0       0       0       
      +0       0       0       0       0
   108 ;;      Temps:          0       0       0       0       0       0       0       0       0       0       0       0       
      +0       0       0       0       0
   109 ;;      Totals:         0       0       0       0       0       0       0       0       0       0       0       0       
      +0       0       0       0       0
   110 ;;Total ram usage:        0 bytes
   111 ;; Hardware stack levels required when called:    5
   112 ;; This function calls:
   113 ;;		_SYSTEM_Initialize
   114 ;; This function is called by:
   115 ;;		Startup code after reset
   116 ;; This function uses a non-reentrant model
   117 ;;
   118                           
   119                           	psect	text0
   120  000106                     __ptext0:
   121                           	opt stack 0
   122  000106                     _main:
   123                           	opt stack 26
   124                           
   125                           ;main.c: 54: SYSTEM_Initialize();
   126                           
   127                           ;incstack = 0
   128  000106  EC8C  F000         	call	_SYSTEM_Initialize	;wreg free
   129                           
   130                           ;main.c: 73: (INTCONbits.GIE = 1);
   131  00010A  8EF2               	bsf	intcon,7,c	;volatile
   132  00010C                     l775:
   133  00010C  B089               	btfsc	3977,0,c	;volatile
   134  00010E  D002               	goto	u10
   135  000110  8089               	bsf	3977,0,c	;volatile
   136  000112  D7FC               	goto	l775
   137  000114                     u10:
   138  000114  9089               	bcf	3977,0,c	;volatile
   139  000116  D7FA               	goto	l775
   140  000118                     __end_of_main:
   141                           	opt stack 0
   142                           intcon	equ	0xFF2
   143                           
   144 ;; *************** function _SYSTEM_Initialize *****************
   145 ;; Defined at:
   146 ;;		line 111 in file "mcc_generated_files/mcc.c"
   147 ;; Parameters:    Size  Location     Type
   148 ;;		None
   149 ;; Auto vars:     Size  Location     Type
   150 ;;		None
   151 ;; Return value:  Size  Location     Type
   152 ;;                  1    wreg      void 
   153 ;; Registers used:
   154 ;;		wreg, status,2, status,0, cstack
   155 ;; Tracked objects:
   156 ;;		On entry : 0/0
   157 ;;		On exit  : 0/0
   158 ;;		Unchanged: 0/0
   159 ;; Data sizes:     COMRAM   BANK0   BANK1   BANK2   BANK3   BANK4   BANK5   BANK6   BANK7   BANK8   BANK9  BANK10  BANK1
      +1  BANK12  BANK13  BANK14  BANK15
   160 ;;      Params:         0       0       0       0       0       0       0       0       0       0       0       0       
      +0       0       0       0       0
   161 ;;      Locals:         0       0       0       0       0       0       0       0       0       0       0       0       
      +0       0       0       0       0
   162 ;;      Temps:          0       0       0       0       0       0       0       0       0       0       0       0       
      +0       0       0       0       0
   163 ;;      Totals:         0       0       0       0       0       0       0       0       0       0       0       0       
      +0       0       0       0       0
   164 ;;Total ram usage:        0 bytes
   165 ;; Hardware stack levels used:    1
   166 ;; Hardware stack levels required when called:    4
   167 ;; This function calls:
   168 ;;		_INTERRUPT_Initialize
   169 ;;		_OSCILLATOR_Initialize
   170 ;;		_PIN_MANAGER_Initialize
   171 ;;		_TMR0_Initialize
   172 ;; This function is called by:
   173 ;;		_main
   174 ;; This function uses a non-reentrant model
   175 ;;
   176                           
   177                           	psect	text1
   178  000118                     __ptext1:
   179                           	opt stack 0
   180  000118                     _SYSTEM_Initialize:
   181                           	opt stack 26
   182                           
   183                           ;mcc.c: 114: INTERRUPT_Initialize();
   184                           
   185                           ;incstack = 0
   186  000118  ECA7  F000         	call	_INTERRUPT_Initialize	;wreg free
   187                           
   188                           ;mcc.c: 115: PIN_MANAGER_Initialize();
   189  00011C  EC4B  F000         	call	_PIN_MANAGER_Initialize	;wreg free
   190                           
   191                           ;mcc.c: 116: OSCILLATOR_Initialize();
   192  000120  EC95  F000         	call	_OSCILLATOR_Initialize	;wreg free
   193                           
   194                           ;mcc.c: 117: TMR0_Initialize();
   195  000124  EC6E  F000         	call	_TMR0_Initialize	;wreg free
   196  000128  0012               	return		;funcret
   197  00012A                     __end_of_SYSTEM_Initialize:
   198                           	opt stack 0
   199                           intcon	equ	0xFF2
   200                           
   201 ;; *************** function _TMR0_Initialize *****************
   202 ;; Defined at:
   203 ;;		line 63 in file "mcc_generated_files/tmr0.c"
   204 ;; Parameters:    Size  Location     Type
   205 ;;		None
   206 ;; Auto vars:     Size  Location     Type
   207 ;;		None
   208 ;; Return value:  Size  Location     Type
   209 ;;                  1    wreg      void 
   210 ;; Registers used:
   211 ;;		wreg, status,2, status,0, cstack
   212 ;; Tracked objects:
   213 ;;		On entry : 0/0
   214 ;;		On exit  : 0/0
   215 ;;		Unchanged: 0/0
   216 ;; Data sizes:     COMRAM   BANK0   BANK1   BANK2   BANK3   BANK4   BANK5   BANK6   BANK7   BANK8   BANK9  BANK10  BANK1
      +1  BANK12  BANK13  BANK14  BANK15
   217 ;;      Params:         0       0       0       0       0       0       0       0       0       0       0       0       
      +0       0       0       0       0
   218 ;;      Locals:         0       0       0       0       0       0       0       0       0       0       0       0       
      +0       0       0       0       0
   219 ;;      Temps:          2       0       0       0       0       0       0       0       0       0       0       0       
      +0       0       0       0       0
   220 ;;      Totals:         2       0       0       0       0       0       0       0       0       0       0       0       
      +0       0       0       0       0
   221 ;;Total ram usage:        2 bytes
   222 ;; Hardware stack levels used:    1
   223 ;; Hardware stack levels required when called:    3
   224 ;; This function calls:
   225 ;;		_TMR0_StartTimer
   226 ;; This function is called by:
   227 ;;		_SYSTEM_Initialize
   228 ;; This function uses a non-reentrant model
   229 ;;
   230                           
   231                           	psect	text2
   232  0000DC                     __ptext2:
   233                           	opt stack 0
   234  0000DC                     _TMR0_Initialize:
   235                           	opt stack 26
   236                           
   237                           ;tmr0.c: 68: T0CON = 0x9F;
   238                           
   239                           ;incstack = 0
   240  0000DC  0E9F               	movlw	159
   241  0000DE  6ED5               	movwf	4053,c	;volatile
   242                           
   243                           ;tmr0.c: 71: TMR0H = 0x82;
   244  0000E0  0E82               	movlw	130
   245  0000E2  6ED7               	movwf	4055,c	;volatile
   246                           
   247                           ;tmr0.c: 74: TMR0L = 0xFF;
   248  0000E4  68D6               	setf	4054,c	;volatile
   249                           
   250                           ;tmr0.c: 77: timer0ReloadVal16bit = (TMR0H << 8) | TMR0L;
   251  0000E6  50D6               	movf	4054,w,c	;volatile
   252  0000E8  CFD7 F00F          	movff	4055,??_TMR0_Initialize	;volatile
   253  0000EC  6A10               	clrf	(??_TMR0_Initialize+1)& (0+255),c
   254  0000EE  C00F  F010         	movff	??_TMR0_Initialize,??_TMR0_Initialize+1
   255  0000F2  6A0F               	clrf	??_TMR0_Initialize,c
   256  0000F4  100F               	iorwf	??_TMR0_Initialize,w,c
   257  0000F6  6E11               	movwf	_timer0ReloadVal16bit,c	;volatile
   258  0000F8  5010               	movf	??_TMR0_Initialize+1,w,c
   259  0000FA  6E12               	movwf	_timer0ReloadVal16bit+1,c	;volatile
   260                           
   261                           ;tmr0.c: 80: INTCONbits.TMR0IF = 0;
   262  0000FC  94F2               	bcf	intcon,2,c	;volatile
   263                           
   264                           ;tmr0.c: 83: INTCONbits.TMR0IE = 1;
   265  0000FE  8AF2               	bsf	intcon,5,c	;volatile
   266                           
   267                           ;tmr0.c: 86: TMR0_StartTimer();
   268  000100  ECAA  F000         	call	_TMR0_StartTimer	;wreg free
   269  000104  0012               	return		;funcret
   270  000106                     __end_of_TMR0_Initialize:
   271                           	opt stack 0
   272                           intcon	equ	0xFF2
   273                           
   274 ;; *************** function _TMR0_StartTimer *****************
   275 ;; Defined at:
   276 ;;		line 89 in file "mcc_generated_files/tmr0.c"
   277 ;; Parameters:    Size  Location     Type
   278 ;;		None
   279 ;; Auto vars:     Size  Location     Type
   280 ;;		None
   281 ;; Return value:  Size  Location     Type
   282 ;;                  1    wreg      void 
   283 ;; Registers used:
   284 ;;		None
   285 ;; Tracked objects:
   286 ;;		On entry : 0/0
   287 ;;		On exit  : 0/0
   288 ;;		Unchanged: 0/0
   289 ;; Data sizes:     COMRAM   BANK0   BANK1   BANK2   BANK3   BANK4   BANK5   BANK6   BANK7   BANK8   BANK9  BANK10  BANK1
      +1  BANK12  BANK13  BANK14  BANK15
   290 ;;      Params:         0       0       0       0       0       0       0       0       0       0       0       0       
      +0       0       0       0       0
   291 ;;      Locals:         0       0       0       0       0       0       0       0       0       0       0       0       
      +0       0       0       0       0
   292 ;;      Temps:          0       0       0       0       0       0       0       0       0       0       0       0       
      +0       0       0       0       0
   293 ;;      Totals:         0       0       0       0       0       0       0       0       0       0       0       0       
      +0       0       0       0       0
   294 ;;Total ram usage:        0 bytes
   295 ;; Hardware stack levels used:    1
   296 ;; Hardware stack levels required when called:    2
   297 ;; This function calls:
   298 ;;		Nothing
   299 ;; This function is called by:
   300 ;;		_TMR0_Initialize
   301 ;; This function uses a non-reentrant model
   302 ;;
   303                           
   304                           	psect	text3
   305  000154                     __ptext3:
   306                           	opt stack 0
   307  000154                     _TMR0_StartTimer:
   308                           	opt stack 26
   309                           
   310                           ;tmr0.c: 92: T0CONbits.TMR0ON = 1;
   311                           
   312                           ;incstack = 0
   313  000154  8ED5               	bsf	4053,7,c	;volatile
   314  000156  0012               	return		;funcret
   315  000158                     __end_of_TMR0_StartTimer:
   316                           	opt stack 0
   317                           intcon	equ	0xFF2
   318                           
   319 ;; *************** function _PIN_MANAGER_Initialize *****************
   320 ;; Defined at:
   321 ;;		line 49 in file "mcc_generated_files/pin_manager.c"
   322 ;; Parameters:    Size  Location     Type
   323 ;;		None
   324 ;; Auto vars:     Size  Location     Type
   325 ;;		None
   326 ;; Return value:  Size  Location     Type
   327 ;;                  1    wreg      void 
   328 ;; Registers used:
   329 ;;		wreg, status,2
   330 ;; Tracked objects:
   331 ;;		On entry : 0/0
   332 ;;		On exit  : 0/0
   333 ;;		Unchanged: 0/0
   334 ;; Data sizes:     COMRAM   BANK0   BANK1   BANK2   BANK3   BANK4   BANK5   BANK6   BANK7   BANK8   BANK9  BANK10  BANK1
      +1  BANK12  BANK13  BANK14  BANK15
   335 ;;      Params:         0       0       0       0       0       0       0       0       0       0       0       0       
      +0       0       0       0       0
   336 ;;      Locals:         0       0       0       0       0       0       0       0       0       0       0       0       
      +0       0       0       0       0
   337 ;;      Temps:          0       0       0       0       0       0       0       0       0       0       0       0       
      +0       0       0       0       0
   338 ;;      Totals:         0       0       0       0       0       0       0       0       0       0       0       0       
      +0       0       0       0       0
   339 ;;Total ram usage:        0 bytes
   340 ;; Hardware stack levels used:    1
   341 ;; Hardware stack levels required when called:    2
   342 ;; This function calls:
   343 ;;		Nothing
   344 ;; This function is called by:
   345 ;;		_SYSTEM_Initialize
   346 ;; This function uses a non-reentrant model
   347 ;;
   348                           
   349                           	psect	text4
   350  000096                     __ptext4:
   351                           	opt stack 0
   352  000096                     _PIN_MANAGER_Initialize:
   353                           	opt stack 27
   354                           
   355                           ;pin_manager.c: 51: LATB = 0x0;
   356                           
   357                           ;incstack = 0
   358  000096  0E00               	movlw	0
   359  000098  6E8A               	movwf	3978,c	;volatile
   360                           
   361                           ;pin_manager.c: 52: LATA = 0x0;
   362  00009A  0E00               	movlw	0
   363  00009C  6E89               	movwf	3977,c	;volatile
   364                           
   365                           ;pin_manager.c: 53: ANSELE = 0x7;
   366  00009E  0E07               	movlw	7
   367  0000A0  010F               	movlb	15	; () banked
   368  0000A2  6F3C               	movwf	60,b	;volatile
   369                           
   370                           ;pin_manager.c: 54: LATE = 0x0;
   371  0000A4  0E00               	movlw	0
   372  0000A6  6E8D               	movwf	3981,c	;volatile
   373                           
   374                           ;pin_manager.c: 55: LATD = 0x0;
   375  0000A8  0E00               	movlw	0
   376  0000AA  6E8C               	movwf	3980,c	;volatile
   377                           
   378                           ;pin_manager.c: 56: LATC = 0x0;
   379  0000AC  0E00               	movlw	0
   380  0000AE  6E8B               	movwf	3979,c	;volatile
   381                           
   382                           ;pin_manager.c: 57: ANSELA = 0x2E;
   383  0000B0  0E2E               	movlw	46
   384  0000B2  010F               	movlb	15	; () banked
   385  0000B4  6F38               	movwf	56,b	;volatile
   386                           
   387                           ;pin_manager.c: 58: ANSELB = 0x3F;
   388  0000B6  0E3F               	movlw	63
   389  0000B8  010F               	movlb	15	; () banked
   390  0000BA  6F39               	movwf	57,b	;volatile
   391                           
   392                           ;pin_manager.c: 59: ANSELC = 0xBC;
   393  0000BC  0EBC               	movlw	188
   394  0000BE  010F               	movlb	15	; () banked
   395  0000C0  6F3A               	movwf	58,b	;volatile
   396                           
   397                           ; BSR set to: 15
   398                           ;pin_manager.c: 60: ANSELD = 0xFF;
   399  0000C2  010F               	movlb	15	; () banked
   400  0000C4  693B               	setf	59,b	;volatile
   401                           
   402                           ; BSR set to: 15
   403                           ;pin_manager.c: 61: WPUB = 0xFF;
   404  0000C6  6861               	setf	3937,c	;volatile
   405                           
   406                           ; BSR set to: 15
   407                           ;pin_manager.c: 62: TRISD = 0xFF;
   408  0000C8  6895               	setf	3989,c	;volatile
   409                           
   410                           ;pin_manager.c: 63: TRISE = 0x7;
   411  0000CA  0E07               	movlw	7
   412  0000CC  6E96               	movwf	3990,c	;volatile
   413                           
   414                           ; BSR set to: 15
   415                           ;pin_manager.c: 64: TRISB = 0xFF;
   416  0000CE  6893               	setf	3987,c	;volatile
   417                           
   418                           ;pin_manager.c: 65: TRISC = 0xBF;
   419  0000D0  0EBF               	movlw	191
   420  0000D2  6E94               	movwf	3988,c	;volatile
   421                           
   422                           ;pin_manager.c: 66: TRISA = 0xFE;
   423  0000D4  0EFE               	movlw	254
   424  0000D6  6E92               	movwf	3986,c	;volatile
   425                           
   426                           ; BSR set to: 15
   427                           ;pin_manager.c: 68: INTCON2bits.nRBPU = 0x1;
   428  0000D8  8EF1               	bsf	intcon2,7,c	;volatile
   429                           
   430                           ; BSR set to: 15
   431  0000DA  0012               	return		;funcret
   432  0000DC                     __end_of_PIN_MANAGER_Initialize:
   433                           	opt stack 0
   434                           intcon	equ	0xFF2
   435                           intcon2	equ	0xFF1
   436                           
   437 ;; *************** function _OSCILLATOR_Initialize *****************
   438 ;; Defined at:
   439 ;;		line 120 in file "mcc_generated_files/mcc.c"
   440 ;; Parameters:    Size  Location     Type
   441 ;;		None
   442 ;; Auto vars:     Size  Location     Type
   443 ;;		None
   444 ;; Return value:  Size  Location     Type
   445 ;;                  1    wreg      void 
   446 ;; Registers used:
   447 ;;		wreg, status,2
   448 ;; Tracked objects:
   449 ;;		On entry : 0/0
   450 ;;		On exit  : 0/0
   451 ;;		Unchanged: 0/0
   452 ;; Data sizes:     COMRAM   BANK0   BANK1   BANK2   BANK3   BANK4   BANK5   BANK6   BANK7   BANK8   BANK9  BANK10  BANK1
      +1  BANK12  BANK13  BANK14  BANK15
   453 ;;      Params:         0       0       0       0       0       0       0       0       0       0       0       0       
      +0       0       0       0       0
   454 ;;      Locals:         0       0       0       0       0       0       0       0       0       0       0       0       
      +0       0       0       0       0
   455 ;;      Temps:          0       0       0       0       0       0       0       0       0       0       0       0       
      +0       0       0       0       0
   456 ;;      Totals:         0       0       0       0       0       0       0       0       0       0       0       0       
      +0       0       0       0       0
   457 ;;Total ram usage:        0 bytes
   458 ;; Hardware stack levels used:    1
   459 ;; Hardware stack levels required when called:    2
   460 ;; This function calls:
   461 ;;		Nothing
   462 ;; This function is called by:
   463 ;;		_SYSTEM_Initialize
   464 ;; This function uses a non-reentrant model
   465 ;;
   466                           
   467                           	psect	text5
   468  00012A                     __ptext5:
   469                           	opt stack 0
   470  00012A                     _OSCILLATOR_Initialize:
   471                           	opt stack 27
   472                           
   473                           ;mcc.c: 123: OSCCON = 0x70;
   474                           
   475                           ; BSR set to: 15
   476                           ;incstack = 0
   477  00012A  0E70               	movlw	112
   478  00012C  6ED3               	movwf	4051,c	;volatile
   479                           
   480                           ;mcc.c: 125: OSCCON2 = 0x04;
   481  00012E  0E04               	movlw	4
   482  000130  6ED2               	movwf	4050,c	;volatile
   483                           
   484                           ;mcc.c: 127: OSCTUNE = 0x40;
   485  000132  0E40               	movlw	64
   486  000134  6E9B               	movwf	3995,c	;volatile
   487  000136  0012               	return		;funcret
   488  000138                     __end_of_OSCILLATOR_Initialize:
   489                           	opt stack 0
   490                           intcon	equ	0xFF2
   491                           intcon2	equ	0xFF1
   492                           
   493 ;; *************** function _INTERRUPT_Initialize *****************
   494 ;; Defined at:
   495 ;;		line 51 in file "mcc_generated_files/interrupt_manager.c"
   496 ;; Parameters:    Size  Location     Type
   497 ;;		None
   498 ;; Auto vars:     Size  Location     Type
   499 ;;		None
   500 ;; Return value:  Size  Location     Type
   501 ;;                  1    wreg      void 
   502 ;; Registers used:
   503 ;;		None
   504 ;; Tracked objects:
   505 ;;		On entry : 0/0
   506 ;;		On exit  : 0/0
   507 ;;		Unchanged: 0/0
   508 ;; Data sizes:     COMRAM   BANK0   BANK1   BANK2   BANK3   BANK4   BANK5   BANK6   BANK7   BANK8   BANK9  BANK10  BANK1
      +1  BANK12  BANK13  BANK14  BANK15
   509 ;;      Params:         0       0       0       0       0       0       0       0       0       0       0       0       
      +0       0       0       0       0
   510 ;;      Locals:         0       0       0       0       0       0       0       0       0       0       0       0       
      +0       0       0       0       0
   511 ;;      Temps:          0       0       0       0       0       0       0       0       0       0       0       0       
      +0       0       0       0       0
   512 ;;      Totals:         0       0       0       0       0       0       0       0       0       0       0       0       
      +0       0       0       0       0
   513 ;;Total ram usage:        0 bytes
   514 ;; Hardware stack levels used:    1
   515 ;; Hardware stack levels required when called:    2
   516 ;; This function calls:
   517 ;;		Nothing
   518 ;; This function is called by:
   519 ;;		_SYSTEM_Initialize
   520 ;; This function uses a non-reentrant model
   521 ;;
   522                           
   523                           	psect	text6
   524  00014E                     __ptext6:
   525                           	opt stack 0
   526  00014E                     _INTERRUPT_Initialize:
   527                           	opt stack 27
   528                           
   529                           ;interrupt_manager.c: 54: IPEN = 0;
   530                           
   531                           ;incstack = 0
   532  00014E  9ED0               	bcf	4048,7,c	;volatile
   533                           
   534                           ;interrupt_manager.c: 59: INTCON2bits.TMR0IP = 0;
   535  000150  94F1               	bcf	intcon2,2,c	;volatile
   536  000152  0012               	return		;funcret
   537  000154                     __end_of_INTERRUPT_Initialize:
   538                           	opt stack 0
   539                           intcon	equ	0xFF2
   540                           intcon2	equ	0xFF1
   541                           
   542 ;; *************** function _INTERRUPT_InterruptManager *****************
   543 ;; Defined at:
   544 ;;		line 62 in file "mcc_generated_files/interrupt_manager.c"
   545 ;; Parameters:    Size  Location     Type
   546 ;;		None
   547 ;; Auto vars:     Size  Location     Type
   548 ;;		None
   549 ;; Return value:  Size  Location     Type
   550 ;;                  1    wreg      void 
   551 ;; Registers used:
   552 ;;		wreg, status,2, cstack
   553 ;; Tracked objects:
   554 ;;		On entry : 0/0
   555 ;;		On exit  : 0/0
   556 ;;		Unchanged: 0/0
   557 ;; Data sizes:     COMRAM   BANK0   BANK1   BANK2   BANK3   BANK4   BANK5   BANK6   BANK7   BANK8   BANK9  BANK10  BANK1
      +1  BANK12  BANK13  BANK14  BANK15
   558 ;;      Params:         0       0       0       0       0       0       0       0       0       0       0       0       
      +0       0       0       0       0
   559 ;;      Locals:         0       0       0       0       0       0       0       0       0       0       0       0       
      +0       0       0       0       0
   560 ;;      Temps:         14       0       0       0       0       0       0       0       0       0       0       0       
      +0       0       0       0       0
   561 ;;      Totals:        14       0       0       0       0       0       0       0       0       0       0       0       
      +0       0       0       0       0
   562 ;;Total ram usage:       14 bytes
   563 ;; Hardware stack levels used:    1
   564 ;; Hardware stack levels required when called:    1
   565 ;; This function calls:
   566 ;;		_TMR0_ISR
   567 ;; This function is called by:
   568 ;;		Interrupt level 2
   569 ;; This function uses a non-reentrant model
   570 ;;
   571                           
   572                           	psect	intcode
   573  000008                     __pintcode:
   574                           	opt stack 0
   575  000008                     _INTERRUPT_InterruptManager:
   576                           	opt stack 26
   577                           
   578                           ;incstack = 0
   579  000008  8213               	bsf	btemp,1,c	;set compiler interrupt flag (level 2)
   580  00000A  CFFA F001          	movff	pclath,??_INTERRUPT_InterruptManager
   581  00000E  CFFB F002          	movff	pclatu,??_INTERRUPT_InterruptManager+1
   582  000012  CFE9 F003          	movff	fsr0l,??_INTERRUPT_InterruptManager+2
   583  000016  CFEA F004          	movff	fsr0h,??_INTERRUPT_InterruptManager+3
   584  00001A  CFE1 F005          	movff	fsr1l,??_INTERRUPT_InterruptManager+4
   585  00001E  CFE2 F006          	movff	fsr1h,??_INTERRUPT_InterruptManager+5
   586  000022  CFD9 F007          	movff	fsr2l,??_INTERRUPT_InterruptManager+6
   587  000026  CFDA F008          	movff	fsr2h,??_INTERRUPT_InterruptManager+7
   588  00002A  CFF3 F009          	movff	prodl,??_INTERRUPT_InterruptManager+8
   589  00002E  CFF4 F00A          	movff	prodh,??_INTERRUPT_InterruptManager+9
   590  000032  CFF6 F00B          	movff	tblptrl,??_INTERRUPT_InterruptManager+10
   591  000036  CFF7 F00C          	movff	tblptrh,??_INTERRUPT_InterruptManager+11
   592  00003A  CFF8 F00D          	movff	tblptru,??_INTERRUPT_InterruptManager+12
   593  00003E  CFF5 F00E          	movff	tablat,??_INTERRUPT_InterruptManager+13
   594                           
   595                           ;interrupt_manager.c: 65: if(INTCONbits.TMR0IE == 1 && INTCONbits.TMR0IF == 1)
   596  000042  BAF2               	btfsc	intcon,5,c	;volatile
   597  000044  A4F2               	btfss	intcon,2,c	;volatile
   598  000046  D007               	goto	i2l34
   599                           
   600                           ;interrupt_manager.c: 66: {
   601                           ;interrupt_manager.c: 67: TMR0_ISR();
   602  000048  EC9C  F000         	call	_TMR0_ISR	;wreg free
   603                           
   604                           ;interrupt_manager.c: 69: do { LATC6 = ~LATC6; } while(0);
   605  00004C  BC8B               	btfsc	3979,6,c	;volatile
   606  00004E  D002               	goto	i2u5_40
   607  000050  8C8B               	bsf	3979,6,c	;volatile
   608  000052  D001               	goto	i2l34
   609  000054                     i2u5_40:
   610  000054  9C8B               	bcf	3979,6,c	;volatile
   611  000056                     i2l34:
   612  000056  C00E  FFF5         	movff	??_INTERRUPT_InterruptManager+13,tablat
   613  00005A  C00D  FFF8         	movff	??_INTERRUPT_InterruptManager+12,tblptru
   614  00005E  C00C  FFF7         	movff	??_INTERRUPT_InterruptManager+11,tblptrh
   615  000062  C00B  FFF6         	movff	??_INTERRUPT_InterruptManager+10,tblptrl
   616  000066  C00A  FFF4         	movff	??_INTERRUPT_InterruptManager+9,prodh
   617  00006A  C009  FFF3         	movff	??_INTERRUPT_InterruptManager+8,prodl
   618  00006E  C008  FFDA         	movff	??_INTERRUPT_InterruptManager+7,fsr2h
   619  000072  C007  FFD9         	movff	??_INTERRUPT_InterruptManager+6,fsr2l
   620  000076  C006  FFE2         	movff	??_INTERRUPT_InterruptManager+5,fsr1h
   621  00007A  C005  FFE1         	movff	??_INTERRUPT_InterruptManager+4,fsr1l
   622  00007E  C004  FFEA         	movff	??_INTERRUPT_InterruptManager+3,fsr0h
   623  000082  C003  FFE9         	movff	??_INTERRUPT_InterruptManager+2,fsr0l
   624  000086  C002  FFFB         	movff	??_INTERRUPT_InterruptManager+1,pclatu
   625  00008A  C001  FFFA         	movff	??_INTERRUPT_InterruptManager,pclath
   626  00008E  9213               	bcf	btemp,1,c	;clear compiler interrupt flag (level 2)
   627  000090  0011               	retfie		f
   628  000092                     __end_of_INTERRUPT_InterruptManager:
   629                           	opt stack 0
   630                           pclatu	equ	0xFFB
   631                           pclath	equ	0xFFA
   632                           tblptru	equ	0xFF8
   633                           tblptrh	equ	0xFF7
   634                           tblptrl	equ	0xFF6
   635                           tablat	equ	0xFF5
   636                           prodh	equ	0xFF4
   637                           prodl	equ	0xFF3
   638                           intcon	equ	0xFF2
   639                           intcon2	equ	0xFF1
   640                           fsr0h	equ	0xFEA
   641                           fsr0l	equ	0xFE9
   642                           fsr1h	equ	0xFE2
   643                           fsr1l	equ	0xFE1
   644                           fsr2h	equ	0xFDA
   645                           fsr2l	equ	0xFD9
   646                           
   647 ;; *************** function _TMR0_ISR *****************
   648 ;; Defined at:
   649 ;;		line 130 in file "mcc_generated_files/tmr0.c"
   650 ;; Parameters:    Size  Location     Type
   651 ;;		None
   652 ;; Auto vars:     Size  Location     Type
   653 ;;		None
   654 ;; Return value:  Size  Location     Type
   655 ;;                  1    wreg      void 
   656 ;; Registers used:
   657 ;;		wreg, status,2
   658 ;; Tracked objects:
   659 ;;		On entry : 0/0
   660 ;;		On exit  : 0/0
   661 ;;		Unchanged: 0/0
   662 ;; Data sizes:     COMRAM   BANK0   BANK1   BANK2   BANK3   BANK4   BANK5   BANK6   BANK7   BANK8   BANK9  BANK10  BANK1
      +1  BANK12  BANK13  BANK14  BANK15
   663 ;;      Params:         0       0       0       0       0       0       0       0       0       0       0       0       
      +0       0       0       0       0
   664 ;;      Locals:         0       0       0       0       0       0       0       0       0       0       0       0       
      +0       0       0       0       0
   665 ;;      Temps:          0       0       0       0       0       0       0       0       0       0       0       0       
      +0       0       0       0       0
   666 ;;      Totals:         0       0       0       0       0       0       0       0       0       0       0       0       
      +0       0       0       0       0
   667 ;;Total ram usage:        0 bytes
   668 ;; Hardware stack levels used:    1
   669 ;; This function calls:
   670 ;;		Nothing
   671 ;; This function is called by:
   672 ;;		_INTERRUPT_InterruptManager
   673 ;; This function uses a non-reentrant model
   674 ;;
   675                           
   676                           	psect	text8
   677  000138                     __ptext8:
   678                           	opt stack 0
   679  000138                     _TMR0_ISR:
   680                           	opt stack 26
   681                           
   682                           ;tmr0.c: 134: INTCONbits.TMR0IF = 0;
   683                           
   684                           ;incstack = 0
   685  000138  94F2               	bcf	intcon,2,c	;volatile
   686                           
   687                           ;tmr0.c: 138: TMR0H = timer0ReloadVal16bit >> 8;
   688  00013A  5012               	movf	_timer0ReloadVal16bit+1,w,c	;volatile
   689  00013C  6ED7               	movwf	4055,c	;volatile
   690                           
   691                           ;tmr0.c: 139: TMR0L = (uint8_t) timer0ReloadVal16bit;
   692  00013E  C011  FFD6         	movff	_timer0ReloadVal16bit,4054	;volatile
   693  000142  0012               	return		;funcret
   694  000144                     __end_of_TMR0_ISR:
   695                           	opt stack 0
   696  0000                     pclatu	equ	0xFFB
   697                           pclath	equ	0xFFA
   698                           tblptru	equ	0xFF8
   699                           tblptrh	equ	0xFF7
   700                           tblptrl	equ	0xFF6
   701                           tablat	equ	0xFF5
   702                           prodh	equ	0xFF4
   703                           prodl	equ	0xFF3
   704                           intcon	equ	0xFF2
   705                           intcon2	equ	0xFF1
   706                           fsr0h	equ	0xFEA
   707                           fsr0l	equ	0xFE9
   708                           fsr1h	equ	0xFE2
   709                           fsr1l	equ	0xFE1
   710                           fsr2h	equ	0xFDA
   711                           fsr2l	equ	0xFD9
   712                           pclatu	equ	0xFFB
   713                           pclath	equ	0xFFA
   714                           tblptru	equ	0xFF8
   715                           tblptrh	equ	0xFF7
   716                           tblptrl	equ	0xFF6
   717                           tablat	equ	0xFF5
   718                           prodh	equ	0xFF4
   719                           prodl	equ	0xFF3
   720                           intcon	equ	0xFF2
   721                           intcon2	equ	0xFF1
   722                           fsr0h	equ	0xFEA
   723                           fsr0l	equ	0xFE9
   724                           fsr1h	equ	0xFE2
   725                           fsr1l	equ	0xFE1
   726                           fsr2h	equ	0xFDA
   727                           fsr2l	equ	0xFD9
   728                           
   729                           	psect	rparam
   730  0000                     pclatu	equ	0xFFB
   731                           pclath	equ	0xFFA
   732                           tblptru	equ	0xFF8
   733                           tblptrh	equ	0xFF7
   734                           tblptrl	equ	0xFF6
   735                           tablat	equ	0xFF5
   736                           prodh	equ	0xFF4
   737                           prodl	equ	0xFF3
   738                           intcon	equ	0xFF2
   739                           intcon2	equ	0xFF1
   740                           fsr0h	equ	0xFEA
   741                           fsr0l	equ	0xFE9
   742                           fsr1h	equ	0xFE2
   743                           fsr1l	equ	0xFE1
   744                           fsr2h	equ	0xFDA
   745                           fsr2l	equ	0xFD9
   746                           
   747                           	psect	temp
   748  000013                     btemp:
   749                           	opt stack 0
   750  000013                     	ds	1
   751  0000                     int$flags	set	btemp
   752                           pclatu	equ	0xFFB
   753                           pclath	equ	0xFFA
   754                           tblptru	equ	0xFF8
   755                           tblptrh	equ	0xFF7
   756                           tblptrl	equ	0xFF6
   757                           tablat	equ	0xFF5
   758                           prodh	equ	0xFF4
   759                           prodl	equ	0xFF3
   760                           intcon	equ	0xFF2
   761                           intcon2	equ	0xFF1
   762                           fsr0h	equ	0xFEA
   763                           fsr0l	equ	0xFE9
   764                           fsr1h	equ	0xFE2
   765                           fsr1l	equ	0xFE1
   766                           fsr2h	equ	0xFDA
   767                           fsr2l	equ	0xFD9


Data Sizes:
    Strings     0
    Constant    0
    Data        0
    BSS         0
    Persistent  2
    Stack       0

Auto Spaces:
    Space          Size  Autos    Used
    COMRAM           94     16      18
    BANK0           160      0       0
    BANK1           256      0       0
    BANK2           256      0       0
    BANK3           256      0       0
    BANK4           256      0       0
    BANK5           256      0       0
    BANK6           256      0       0
    BANK7           256      0       0
    BANK8           256      0       0
    BANK9           256      0       0
    BANK10          256      0       0
    BANK11          256      0       0
    BANK12          256      0       0
    BANK13          256      0       0
    BANK14          256      0       0
    BANK15           56      0       0

Pointer List with Targets:

    None.

Critical Paths under _main in COMRAM

    _SYSTEM_Initialize->_TMR0_Initialize

Critical Paths under _INTERRUPT_InterruptManager in COMRAM

    None.

Critical Paths under _main in BANK0

    None.

Critical Paths under _INTERRUPT_InterruptManager in BANK0

    None.

Critical Paths under _main in BANK1

    None.

Critical Paths under _INTERRUPT_InterruptManager in BANK1

    None.

Critical Paths under _main in BANK2

    None.

Critical Paths under _INTERRUPT_InterruptManager in BANK2

    None.

Critical Paths under _main in BANK3

    None.

Critical Paths under _INTERRUPT_InterruptManager in BANK3

    None.

Critical Paths under _main in BANK4

    None.

Critical Paths under _INTERRUPT_InterruptManager in BANK4

    None.

Critical Paths under _main in BANK5

    None.

Critical Paths under _INTERRUPT_InterruptManager in BANK5

    None.

Critical Paths under _main in BANK6

    None.

Critical Paths under _INTERRUPT_InterruptManager in BANK6

    None.

Critical Paths under _main in BANK7

    None.

Critical Paths under _INTERRUPT_InterruptManager in BANK7

    None.

Critical Paths under _main in BANK8

    None.

Critical Paths under _INTERRUPT_InterruptManager in BANK8

    None.

Critical Paths under _main in BANK9

    None.

Critical Paths under _INTERRUPT_InterruptManager in BANK9

    None.

Critical Paths under _main in BANK10

    None.

Critical Paths under _INTERRUPT_InterruptManager in BANK10

    None.

Critical Paths under _main in BANK11

    None.

Critical Paths under _INTERRUPT_InterruptManager in BANK11

    None.

Critical Paths under _main in BANK12

    None.

Critical Paths under _INTERRUPT_InterruptManager in BANK12

    None.

Critical Paths under _main in BANK13

    None.

Critical Paths under _INTERRUPT_InterruptManager in BANK13

    None.

Critical Paths under _main in BANK14

    None.

Critical Paths under _INTERRUPT_InterruptManager in BANK14

    None.

Critical Paths under _main in BANK15

    None.

Critical Paths under _INTERRUPT_InterruptManager in BANK15

    None.

Call Graph Tables:

 ---------------------------------------------------------------------------------
 (Depth) Function   	        Calls       Base Space   Used Autos Params    Refs
 ---------------------------------------------------------------------------------
 (0) _main                                                 0     0      0       0
                  _SYSTEM_Initialize
 ---------------------------------------------------------------------------------
 (1) _SYSTEM_Initialize                                    0     0      0       0
               _INTERRUPT_Initialize
              _OSCILLATOR_Initialize
             _PIN_MANAGER_Initialize
                    _TMR0_Initialize
 ---------------------------------------------------------------------------------
 (2) _TMR0_Initialize                                      2     2      0       0
                                             14 COMRAM     2     2      0
                    _TMR0_StartTimer
 ---------------------------------------------------------------------------------
 (3) _TMR0_StartTimer                                      0     0      0       0
 ---------------------------------------------------------------------------------
 (2) _PIN_MANAGER_Initialize                               0     0      0       0
 ---------------------------------------------------------------------------------
 (2) _OSCILLATOR_Initialize                                0     0      0       0
 ---------------------------------------------------------------------------------
 (2) _INTERRUPT_Initialize                                 0     0      0       0
 ---------------------------------------------------------------------------------
 Estimated maximum stack depth 3
 ---------------------------------------------------------------------------------
 (Depth) Function   	        Calls       Base Space   Used Autos Params    Refs
 ---------------------------------------------------------------------------------
 (4) _INTERRUPT_InterruptManager                          14    14      0       0
                                              0 COMRAM    14    14      0
                           _TMR0_ISR
 ---------------------------------------------------------------------------------
 (5) _TMR0_ISR                                             0     0      0       0
 ---------------------------------------------------------------------------------
 Estimated maximum stack depth 5
 ---------------------------------------------------------------------------------

 Call Graph Graphs:

 _main (ROOT)
   _SYSTEM_Initialize
     _INTERRUPT_Initialize
     _OSCILLATOR_Initialize
     _PIN_MANAGER_Initialize
     _TMR0_Initialize
       _TMR0_StartTimer

 _INTERRUPT_InterruptManager (ROOT)
   _TMR0_ISR

 Address spaces:
Name               Size   Autos  Total    Cost      Usage
BITCOMRAM           5E      0       0       0        0.0%
EEDATA             400      0       0       0        0.0%
NULL                 0      0       0       0        0.0%
CODE                 0      0       0       0        0.0%
COMRAM              5E     10      12       1       19.1%
STACK                0      0       0       2        0.0%
DATA                 0      0      12       3        0.0%
BITBANK0            A0      0       0       4        0.0%
BANK0               A0      0       0       5        0.0%
BITBANK1           100      0       0       6        0.0%
BANK1              100      0       0       7        0.0%
BITBANK2           100      0       0       8        0.0%
BANK2              100      0       0       9        0.0%
BITBANK3           100      0       0      10        0.0%
BANK3              100      0       0      11        0.0%
ABS                  0      0      12      12        0.0%
BITBANK4           100      0       0      13        0.0%
BANK4              100      0       0      14        0.0%
BITBANK5           100      0       0      15        0.0%
BANK5              100      0       0      16        0.0%
BITBANK6           100      0       0      17        0.0%
BANK6              100      0       0      18        0.0%
BITBANK7           100      0       0      19        0.0%
BANK7              100      0       0      20        0.0%
BITBANK8           100      0       0      21        0.0%
BANK8              100      0       0      22        0.0%
BITBANK9           100      0       0      23        0.0%
BANK9              100      0       0      24        0.0%
BITBANK10          100      0       0      25        0.0%
BANK10             100      0       0      26        0.0%
BITBANK11          100      0       0      27        0.0%
BANK11             100      0       0      28        0.0%
BITBANK12          100      0       0      29        0.0%
BANK12             100      0       0      30        0.0%
BITBANK13          100      0       0      31        0.0%
BANK13             100      0       0      32        0.0%
BITBANK14          100      0       0      33        0.0%
BANK14             100      0       0      34        0.0%
BITBANK15           38      0       0      35        0.0%
BANK15              38      0       0      36        0.0%
BIGRAM             F37      0       0      37        0.0%
BITSFR_1             0      0       0      40        0.0%
SFR_1                0      0       0      40        0.0%
BITSFR               0      0       0      40        0.0%
SFR                  0      0       0      40        0.0%


Microchip Technology PIC18 Macro Assembler V1.37 build -260352376 
Symbol Table                                                                                   Fri Jul  8 13:24:38 2016

                                 u10 0114                         __CFG_CP0$OFF 000000  
                       __CFG_CP1$OFF 000000                         __CFG_CP2$OFF 000000  
                       __CFG_CP3$OFF 000000                          __CFG_LVP$ON 000000  
                                l775 010C                         __CFG_CPB$OFF 000000  
                       __CFG_CPD$OFF 000000                                 _LATA 000F89  
                               _LATB 000F8A                                 _LATC 000F8B  
                               _LATD 000F8C                                 _LATE 000F8D  
                               _IPEN 007E87                                 i2l34 0056  
                               _WPUB 000F61                                 _main 0106  
                    _TMR0_StartTimer 0154                                 fsr0h 000FEA  
                               fsr1h 000FE2                                 fsr0l 000FE9  
                               fsr2h 000FDA                                 fsr1l 000FE1  
                               fsr2l 000FD9                                 btemp 0013  
                      __CFG_BORV$190 000000                                 pclat 000FFA  
                               prodh 000FF4                                 prodl 000FF3  
                               start 0092                        __CFG_IESO$OFF 000000  
                       ___param_bank 000010              __end_of_TMR0_Initialize 0106  
     __size_of_OSCILLATOR_Initialize 000E        __end_of_OSCILLATOR_Initialize 0138  
                              ?_main 0001                                _T0CON 000FD5  
                              _LATA0 007C48                                _LATC6 007C5E  
                     __CFG_DEBUG$OFF 000000                        __CFG_WDTEN$ON 000000  
                              _TMR0H 000FD7                                _TMR0L 000FD6  
                              _TRISA 000F92                                _TRISB 000F93  
                              _TRISC 000F94                                _TRISD 000F95  
                              _TRISE 000F96                        __CFG_WRT0$OFF 000000  
                      __CFG_WRT1$OFF 000000                        __CFG_WRT2$OFF 000000  
                      __CFG_WRT3$OFF 000000                       __CFG_EBTR0$OFF 000000  
                     __CFG_FCMEN$OFF 000000                       __CFG_EBTR1$OFF 000000  
                     __CFG_EBTR2$OFF 000000                       __CFG_EBTR3$OFF 000000  
                   __end_of_TMR0_ISR 0144                        __CFG_WRTB$OFF 000000  
                      __CFG_WRTC$OFF 000000                        __CFG_WRTD$OFF 000000  
                     __CFG_EBTRB$OFF 000000                   __CFG_MCLRE$EXTMCLR 000000  
                              tablat 000FF5                       __CFG_HFOFST$ON 000000  
                     __CFG_PBADEN$ON 000000                      __initialization 0144  
                       __end_of_main 0118          ?_INTERRUPT_InterruptManager 0001  
                             ??_main 0011                        __activetblptr 000000  
            __end_of_TMR0_StartTimer 0158                               _ANSELA 000F38  
                             _ANSELB 000F39                               _ANSELC 000F3A  
                             _ANSELD 000F3B                               _ANSELE 000F3C  
                             _OSCCON 000FD3                               i2u5_40 0054  
                     __CFG_XINST$OFF 000000                       __CFG_STVREN$ON 000000  
                   ?_TMR0_Initialize 0001                               tblptrh 000FF7  
                             tblptrl 000FF6                               tblptru 000FF8  
      __size_of_INTERRUPT_Initialize 0006                    _SYSTEM_Initialize 0118  
                         __accesstop 0060              __end_of__initialization 0144  
                 ?_SYSTEM_Initialize 0001                        ___rparam_used 000001  
                     __pcstackCOMRAM 0001                  ??_SYSTEM_Initialize 0011  
                          ?_TMR0_ISR 0001                     ?_TMR0_StartTimer 0001  
          __end_of_SYSTEM_Initialize 012A                      __CFG_PLLCFG$OFF 000000  
                         __pnvCOMRAM 0011                   __CFG_CCP2MX$PORTC1 000000  
                         ??_TMR0_ISR 0001                   __CFG_CCP3MX$PORTB5 000000  
                            _OSCCON2 000FD2                              _OSCTUNE 000F9B  
                    __CFG_PWRTEN$OFF 000000                              __Hparam 0000  
                            __Lparam 0000                              __pcinit 0144  
                            __ramtop 1000                              __ptext0 0106  
                            __ptext1 0118                              __ptext2 00DC  
                            __ptext3 0154                              __ptext4 0096  
                            __ptext5 012A                              __ptext6 014E  
                            __ptext8 0138                            _T0CONbits 000FD5  
              _OSCILLATOR_Initialize 012A             ??_PIN_MANAGER_Initialize 000F  
         __size_of_SYSTEM_Initialize 0012                 end_of_initialization 0144  
               _timer0ReloadVal16bit 0011         __end_of_INTERRUPT_Initialize 0154  
                  __size_of_TMR0_ISR 000C               ?_OSCILLATOR_Initialize 0001  
                start_initialization 0144             __size_of_TMR0_Initialize 002A  
    __size_of_PIN_MANAGER_Initialize 0046             __size_of_TMR0_StartTimer 0004  
             _PIN_MANAGER_Initialize 0096                            __pintcode 0008  
       ??_INTERRUPT_InterruptManager 0001                     __CFG_PRICLKEN$ON 000000  
               _INTERRUPT_Initialize 014E                    ??_TMR0_Initialize 000F  
__size_of_INTERRUPT_InterruptManager 008A                     __CFG_WDTPS$32768 000000  
                           _TMR0_ISR 0138                          _INTCON2bits 000FF1  
              ?_INTERRUPT_Initialize 0001                             __Hrparam 0000  
                           __Lrparam 0000                   __CFG_BOREN$SBORDIS 000000  
                  __CFG_P2BMX$PORTD2 000000              ??_OSCILLATOR_Initialize 000F  
                  ??_TMR0_StartTimer 000F                        __size_of_main 0012  
                           int$flags 0013   __end_of_INTERRUPT_InterruptManager 0092  
         _INTERRUPT_InterruptManager 0008                           _INTCONbits 000FF2  
             ??_INTERRUPT_Initialize 000F                             intlevel2 0000  
            ?_PIN_MANAGER_Initialize 0001                      _TMR0_Initialize 00DC  
                  __CFG_T3CMX$PORTC0 000000       __end_of_PIN_MANAGER_Initialize 00DC  
                  __CFG_FOSC$INTIO67 000000  
